/*C3*/SET SCHEMA PUBLIC
DISCONNECT
/*C4*/SET SCHEMA PUBLIC
DISCONNECT
/*C5*/SET SCHEMA PUBLIC
DELETE FROM TTASKS WHERE ID=2754
INSERT INTO TTASKS VALUES(2754,'','2017-03-27','2017-04-28',NULL,'Prueba27',NULL,146)
COMMIT
DELETE FROM TTASKS WHERE ID=2664
DELETE FROM TTASKS WHERE ID=2665
DELETE FROM TTASKS WHERE ID=2666
DELETE FROM TTASKS WHERE ID=2667
DELETE FROM TTASKS WHERE ID=2668
DELETE FROM TTASKS WHERE ID=2669
DELETE FROM TTASKS WHERE ID=2670
DELETE FROM TTASKS WHERE ID=2671
DELETE FROM TTASKS WHERE ID=2672
DELETE FROM TTASKS WHERE ID=2673
DELETE FROM TTASKS WHERE ID=2674
DELETE FROM TTASKS WHERE ID=2675
DELETE FROM TTASKS WHERE ID=2676
DELETE FROM TTASKS WHERE ID=2677
DELETE FROM TTASKS WHERE ID=2678
DELETE FROM TTASKS WHERE ID=2679
DELETE FROM TTASKS WHERE ID=2680
DELETE FROM TTASKS WHERE ID=2681
DELETE FROM TTASKS WHERE ID=2682
DELETE FROM TTASKS WHERE ID=2683
DELETE FROM TTASKS WHERE ID=2684
DELETE FROM TTASKS WHERE ID=2685
DELETE FROM TTASKS WHERE ID=2686
DELETE FROM TTASKS WHERE ID=2687
DELETE FROM TTASKS WHERE ID=2688
DELETE FROM TTASKS WHERE ID=2689
DELETE FROM TTASKS WHERE ID=2690
DELETE FROM TTASKS WHERE ID=2691
DELETE FROM TTASKS WHERE ID=2692
DELETE FROM TTASKS WHERE ID=2693
DELETE FROM TTASKS WHERE ID=2755
DELETE FROM TTASKS WHERE ID=2756
DELETE FROM TTASKS WHERE ID=2754
DELETE FROM TCATEGORIES WHERE ID=276
DELETE FROM TCATEGORIES WHERE ID=277
DELETE FROM TCATEGORIES WHERE ID=278
DELETE FROM TUSERS WHERE ID=146
COMMIT
DELETE FROM TTASKS WHERE ID=2694
DELETE FROM TTASKS WHERE ID=2695
DELETE FROM TTASKS WHERE ID=2696
DELETE FROM TTASKS WHERE ID=2697
DELETE FROM TTASKS WHERE ID=2698
DELETE FROM TTASKS WHERE ID=2699
DELETE FROM TTASKS WHERE ID=2700
DELETE FROM TTASKS WHERE ID=2701
DELETE FROM TTASKS WHERE ID=2702
DELETE FROM TTASKS WHERE ID=2703
DELETE FROM TTASKS WHERE ID=2704
DELETE FROM TTASKS WHERE ID=2705
DELETE FROM TTASKS WHERE ID=2706
DELETE FROM TTASKS WHERE ID=2707
DELETE FROM TTASKS WHERE ID=2708
DELETE FROM TTASKS WHERE ID=2709
DELETE FROM TTASKS WHERE ID=2710
DELETE FROM TTASKS WHERE ID=2711
DELETE FROM TTASKS WHERE ID=2712
DELETE FROM TTASKS WHERE ID=2713
DELETE FROM TTASKS WHERE ID=2714
DELETE FROM TTASKS WHERE ID=2715
DELETE FROM TTASKS WHERE ID=2716
DELETE FROM TTASKS WHERE ID=2717
DELETE FROM TTASKS WHERE ID=2718
DELETE FROM TTASKS WHERE ID=2719
DELETE FROM TTASKS WHERE ID=2720
DELETE FROM TTASKS WHERE ID=2721
DELETE FROM TTASKS WHERE ID=2722
DELETE FROM TTASKS WHERE ID=2723
DELETE FROM TCATEGORIES WHERE ID=279
DELETE FROM TCATEGORIES WHERE ID=280
DELETE FROM TCATEGORIES WHERE ID=281
DELETE FROM TUSERS WHERE ID=147
COMMIT
DELETE FROM TUSERS WHERE ID=149
COMMIT
DELETE FROM TUSERS WHERE ID=150
COMMIT
INSERT INTO TUSERS VALUES(151,'user1@user.com',FALSE,'user1','user1','ENABLED')
COMMIT
INSERT INTO TUSERS VALUES(152,'user2@user.com',FALSE,'user2','user2','ENABLED')
COMMIT
INSERT INTO TUSERS VALUES(153,'user3@user.com',FALSE,'user3','user3','ENABLED')
COMMIT
INSERT INTO TCATEGORIES VALUES(285,'categoria1',151)
COMMIT
INSERT INTO TCATEGORIES VALUES(286,'categoria2',151)
COMMIT
INSERT INTO TCATEGORIES VALUES(287,'categoria3',151)
COMMIT
INSERT INTO TCATEGORIES VALUES(288,'categoria1',152)
COMMIT
INSERT INTO TCATEGORIES VALUES(289,'categoria2',152)
COMMIT
INSERT INTO TCATEGORIES VALUES(290,'categoria3',152)
COMMIT
INSERT INTO TCATEGORIES VALUES(291,'categoria1',153)
COMMIT
INSERT INTO TCATEGORIES VALUES(292,'categoria2',153)
COMMIT
INSERT INTO TCATEGORIES VALUES(293,'categoria3',153)
COMMIT
INSERT INTO TTASKS VALUES(2757,NULL,'2017-04-28',NULL,'2017-04-28','tarea1',NULL,151)
COMMIT
INSERT INTO TTASKS VALUES(2758,NULL,'2017-04-28',NULL,'2017-04-28','tarea2',NULL,151)
COMMIT
INSERT INTO TTASKS VALUES(2759,NULL,'2017-04-28',NULL,'2017-04-28','tarea3',NULL,151)
COMMIT
INSERT INTO TTASKS VALUES(2760,NULL,'2017-04-28',NULL,'2017-04-28','tarea4',NULL,151)
COMMIT
INSERT INTO TTASKS VALUES(2761,NULL,'2017-04-28',NULL,'2017-04-28','tarea5',NULL,151)
COMMIT
INSERT INTO TTASKS VALUES(2762,NULL,'2017-04-28',NULL,'2017-04-28','tarea6',NULL,151)
COMMIT
INSERT INTO TTASKS VALUES(2763,NULL,'2017-04-28',NULL,'2017-04-28','tarea7',NULL,151)
COMMIT
INSERT INTO TTASKS VALUES(2764,NULL,'2017-04-28',NULL,'2017-04-28','tarea8',NULL,151)
COMMIT
INSERT INTO TTASKS VALUES(2765,NULL,'2017-04-28',NULL,'2017-04-28','tarea9',NULL,151)
COMMIT
INSERT INTO TTASKS VALUES(2766,NULL,'2017-04-28',NULL,'2017-04-28','tarea10',NULL,151)
COMMIT
INSERT INTO TTASKS VALUES(2767,NULL,'2017-04-28',NULL,'2017-05-04','tarea11',NULL,151)
COMMIT
INSERT INTO TTASKS VALUES(2768,NULL,'2017-04-28',NULL,'2017-05-04','tarea12',NULL,151)
COMMIT
INSERT INTO TTASKS VALUES(2769,NULL,'2017-04-28',NULL,'2017-05-04','tarea13',NULL,151)
COMMIT
INSERT INTO TTASKS VALUES(2770,NULL,'2017-04-28',NULL,'2017-05-04','tarea14',NULL,151)
COMMIT
INSERT INTO TTASKS VALUES(2771,NULL,'2017-04-28',NULL,'2017-05-04','tarea15',NULL,151)
COMMIT
INSERT INTO TTASKS VALUES(2772,NULL,'2017-04-28',NULL,'2017-05-04','tarea16',NULL,151)
COMMIT
INSERT INTO TTASKS VALUES(2773,NULL,'2017-04-28',NULL,'2017-05-04','tarea17',NULL,151)
COMMIT
INSERT INTO TTASKS VALUES(2774,NULL,'2017-04-28',NULL,'2017-05-04','tarea18',NULL,151)
COMMIT
INSERT INTO TTASKS VALUES(2775,NULL,'2017-04-28',NULL,'2017-05-04','tarea19',NULL,151)
COMMIT
INSERT INTO TTASKS VALUES(2776,NULL,'2017-04-28',NULL,'2017-05-04','tarea20',NULL,151)
COMMIT
INSERT INTO TTASKS VALUES(2777,NULL,'2017-04-28',NULL,'2017-04-22','tarea21',285,151)
COMMIT
INSERT INTO TTASKS VALUES(2778,NULL,'2017-04-28',NULL,'2017-04-22','tarea22',285,151)
COMMIT
INSERT INTO TTASKS VALUES(2779,NULL,'2017-04-28',NULL,'2017-04-22','tarea23',285,151)
COMMIT
INSERT INTO TTASKS VALUES(2780,NULL,'2017-04-28',NULL,'2017-04-22','tarea24',286,151)
COMMIT
INSERT INTO TTASKS VALUES(2781,NULL,'2017-04-28',NULL,'2017-04-22','tarea25',286,151)
COMMIT
INSERT INTO TTASKS VALUES(2782,NULL,'2017-04-28',NULL,'2017-04-22','tarea26',286,151)
COMMIT
INSERT INTO TTASKS VALUES(2783,NULL,'2017-04-28',NULL,'2017-04-22','tarea27',287,151)
COMMIT
INSERT INTO TTASKS VALUES(2784,NULL,'2017-04-28',NULL,'2017-04-22','tarea28',287,151)
COMMIT
INSERT INTO TTASKS VALUES(2785,NULL,'2017-04-28',NULL,'2017-04-22','tarea29',287,151)
COMMIT
INSERT INTO TTASKS VALUES(2786,NULL,'2017-04-28',NULL,'2017-04-22','tarea30',287,151)
COMMIT
INSERT INTO TTASKS VALUES(2787,NULL,'2017-04-28',NULL,'2017-04-28','tarea1',NULL,152)
COMMIT
INSERT INTO TTASKS VALUES(2788,NULL,'2017-04-28',NULL,'2017-04-28','tarea2',NULL,152)
COMMIT
INSERT INTO TTASKS VALUES(2789,NULL,'2017-04-28',NULL,'2017-04-28','tarea3',NULL,152)
COMMIT
INSERT INTO TTASKS VALUES(2790,NULL,'2017-04-28',NULL,'2017-04-28','tarea4',NULL,152)
COMMIT
INSERT INTO TTASKS VALUES(2791,NULL,'2017-04-28',NULL,'2017-04-28','tarea5',NULL,152)
COMMIT
INSERT INTO TTASKS VALUES(2792,NULL,'2017-04-28',NULL,'2017-04-28','tarea6',NULL,152)
COMMIT
INSERT INTO TTASKS VALUES(2793,NULL,'2017-04-28',NULL,'2017-04-28','tarea7',NULL,152)
COMMIT
INSERT INTO TTASKS VALUES(2794,NULL,'2017-04-28',NULL,'2017-04-28','tarea8',NULL,152)
COMMIT
INSERT INTO TTASKS VALUES(2795,NULL,'2017-04-28',NULL,'2017-04-28','tarea9',NULL,152)
COMMIT
INSERT INTO TTASKS VALUES(2796,NULL,'2017-04-28',NULL,'2017-04-28','tarea10',NULL,152)
COMMIT
INSERT INTO TTASKS VALUES(2797,NULL,'2017-04-28',NULL,'2017-05-04','tarea11',NULL,152)
COMMIT
INSERT INTO TTASKS VALUES(2798,NULL,'2017-04-28',NULL,'2017-05-04','tarea12',NULL,152)
COMMIT
INSERT INTO TTASKS VALUES(2799,NULL,'2017-04-28',NULL,'2017-05-04','tarea13',NULL,152)
COMMIT
INSERT INTO TTASKS VALUES(2800,NULL,'2017-04-28',NULL,'2017-05-04','tarea14',NULL,152)
COMMIT
INSERT INTO TTASKS VALUES(2801,NULL,'2017-04-28',NULL,'2017-05-04','tarea15',NULL,152)
COMMIT
INSERT INTO TTASKS VALUES(2802,NULL,'2017-04-28',NULL,'2017-05-04','tarea16',NULL,152)
COMMIT
INSERT INTO TTASKS VALUES(2803,NULL,'2017-04-28',NULL,'2017-05-04','tarea17',NULL,152)
COMMIT
INSERT INTO TTASKS VALUES(2804,NULL,'2017-04-28',NULL,'2017-05-04','tarea18',NULL,152)
COMMIT
INSERT INTO TTASKS VALUES(2805,NULL,'2017-04-28',NULL,'2017-05-04','tarea19',NULL,152)
COMMIT
INSERT INTO TTASKS VALUES(2806,NULL,'2017-04-28',NULL,'2017-05-04','tarea20',NULL,152)
COMMIT
INSERT INTO TTASKS VALUES(2807,NULL,'2017-04-28',NULL,'2017-04-22','tarea21',288,152)
COMMIT
INSERT INTO TTASKS VALUES(2808,NULL,'2017-04-28',NULL,'2017-04-22','tarea22',288,152)
COMMIT
INSERT INTO TTASKS VALUES(2809,NULL,'2017-04-28',NULL,'2017-04-22','tarea23',288,152)
COMMIT
INSERT INTO TTASKS VALUES(2810,NULL,'2017-04-28',NULL,'2017-04-22','tarea24',289,152)
COMMIT
INSERT INTO TTASKS VALUES(2811,NULL,'2017-04-28',NULL,'2017-04-22','tarea25',289,152)
COMMIT
INSERT INTO TTASKS VALUES(2812,NULL,'2017-04-28',NULL,'2017-04-22','tarea26',289,152)
COMMIT
INSERT INTO TTASKS VALUES(2813,NULL,'2017-04-28',NULL,'2017-04-22','tarea27',290,152)
COMMIT
INSERT INTO TTASKS VALUES(2814,NULL,'2017-04-28',NULL,'2017-04-22','tarea28',290,152)
COMMIT
INSERT INTO TTASKS VALUES(2815,NULL,'2017-04-28',NULL,'2017-04-22','tarea29',290,152)
COMMIT
INSERT INTO TTASKS VALUES(2816,NULL,'2017-04-28',NULL,'2017-04-22','tarea30',290,152)
COMMIT
INSERT INTO TTASKS VALUES(2817,NULL,'2017-04-28',NULL,'2017-04-28','tarea1',NULL,153)
COMMIT
INSERT INTO TTASKS VALUES(2818,NULL,'2017-04-28',NULL,'2017-04-28','tarea2',NULL,153)
COMMIT
INSERT INTO TTASKS VALUES(2819,NULL,'2017-04-28',NULL,'2017-04-28','tarea3',NULL,153)
COMMIT
INSERT INTO TTASKS VALUES(2820,NULL,'2017-04-28',NULL,'2017-04-28','tarea4',NULL,153)
COMMIT
INSERT INTO TTASKS VALUES(2821,NULL,'2017-04-28',NULL,'2017-04-28','tarea5',NULL,153)
COMMIT
INSERT INTO TTASKS VALUES(2822,NULL,'2017-04-28',NULL,'2017-04-28','tarea6',NULL,153)
COMMIT
INSERT INTO TTASKS VALUES(2823,NULL,'2017-04-28',NULL,'2017-04-28','tarea7',NULL,153)
COMMIT
INSERT INTO TTASKS VALUES(2824,NULL,'2017-04-28',NULL,'2017-04-28','tarea8',NULL,153)
COMMIT
INSERT INTO TTASKS VALUES(2825,NULL,'2017-04-28',NULL,'2017-04-28','tarea9',NULL,153)
COMMIT
INSERT INTO TTASKS VALUES(2826,NULL,'2017-04-28',NULL,'2017-04-28','tarea10',NULL,153)
COMMIT
INSERT INTO TTASKS VALUES(2827,NULL,'2017-04-28',NULL,'2017-05-04','tarea11',NULL,153)
COMMIT
INSERT INTO TTASKS VALUES(2828,NULL,'2017-04-28',NULL,'2017-05-04','tarea12',NULL,153)
COMMIT
INSERT INTO TTASKS VALUES(2829,NULL,'2017-04-28',NULL,'2017-05-04','tarea13',NULL,153)
COMMIT
INSERT INTO TTASKS VALUES(2830,NULL,'2017-04-28',NULL,'2017-05-04','tarea14',NULL,153)
COMMIT
INSERT INTO TTASKS VALUES(2831,NULL,'2017-04-28',NULL,'2017-05-04','tarea15',NULL,153)
COMMIT
INSERT INTO TTASKS VALUES(2832,NULL,'2017-04-28',NULL,'2017-05-04','tarea16',NULL,153)
COMMIT
INSERT INTO TTASKS VALUES(2833,NULL,'2017-04-28',NULL,'2017-05-04','tarea17',NULL,153)
COMMIT
INSERT INTO TTASKS VALUES(2834,NULL,'2017-04-28',NULL,'2017-05-04','tarea18',NULL,153)
COMMIT
INSERT INTO TTASKS VALUES(2835,NULL,'2017-04-28',NULL,'2017-05-04','tarea19',NULL,153)
COMMIT
INSERT INTO TTASKS VALUES(2836,NULL,'2017-04-28',NULL,'2017-05-04','tarea20',NULL,153)
COMMIT
INSERT INTO TTASKS VALUES(2837,NULL,'2017-04-28',NULL,'2017-04-22','tarea21',291,153)
COMMIT
INSERT INTO TTASKS VALUES(2838,NULL,'2017-04-28',NULL,'2017-04-22','tarea22',291,153)
COMMIT
INSERT INTO TTASKS VALUES(2839,NULL,'2017-04-28',NULL,'2017-04-22','tarea23',291,153)
COMMIT
INSERT INTO TTASKS VALUES(2840,NULL,'2017-04-28',NULL,'2017-04-22','tarea24',292,153)
COMMIT
INSERT INTO TTASKS VALUES(2841,NULL,'2017-04-28',NULL,'2017-04-22','tarea25',292,153)
COMMIT
INSERT INTO TTASKS VALUES(2842,NULL,'2017-04-28',NULL,'2017-04-22','tarea26',292,153)
COMMIT
INSERT INTO TTASKS VALUES(2843,NULL,'2017-04-28',NULL,'2017-04-22','tarea27',293,153)
COMMIT
INSERT INTO TTASKS VALUES(2844,NULL,'2017-04-28',NULL,'2017-04-22','tarea28',293,153)
COMMIT
INSERT INTO TTASKS VALUES(2845,NULL,'2017-04-28',NULL,'2017-04-22','tarea29',293,153)
COMMIT
INSERT INTO TTASKS VALUES(2846,NULL,'2017-04-28',NULL,'2017-04-22','tarea30',293,153)
COMMIT
DISCONNECT
